
> blogger@0.0.0 start
> node ./bin/www

node:internal/modules/cjs/loader:1137
  throw err;
  ^

Error: Cannot find module './routes/index'
Require stack:
- /home/bitnami/labs/lab3/blogger/app.js
- /home/bitnami/labs/lab3/blogger/bin/www
    at Module._resolveFilename (node:internal/modules/cjs/loader:1134:15)
    at Module._load (node:internal/modules/cjs/loader:975:27)
    at Module.require (node:internal/modules/cjs/loader:1225:19)
    at require (node:internal/modules/helpers:177:18)
    at Object.<anonymous> (/home/bitnami/labs/lab3/blogger/app.js:8:14)
    at Module._compile (node:internal/modules/cjs/loader:1356:14)
    at Module._extensions..js (node:internal/modules/cjs/loader:1414:10)
    at Module.load (node:internal/modules/cjs/loader:1197:32)
    at Module._load (node:internal/modules/cjs/loader:1013:12)
    at Module.require (node:internal/modules/cjs/loader:1225:19) {
  code: 'MODULE_NOT_FOUND',
  requireStack: [
    '/home/bitnami/labs/lab3/blogger/app.js',
    '/home/bitnami/labs/lab3/blogger/bin/www'
  ]
}

Node.js v18.19.0

> blogger@0.0.0 start
> node ./bin/www

/home/bitnami/labs/lab3/blogger/node_modules/express/lib/router/route.js:211
        throw new Error(msg);
        ^

Error: Route.get() requires a callback function but got a [object Undefined]
    at Route.<computed> [as get] (/home/bitnami/labs/lab3/blogger/node_modules/express/lib/router/route.js:211:15)
    at proto.<computed> [as get] (/home/bitnami/labs/lab3/blogger/node_modules/express/lib/router/index.js:521:19)
    at Object.<anonymous> (/home/bitnami/labs/lab3/blogger/app_server/routes/index.js:12:8)
    at Module._compile (node:internal/modules/cjs/loader:1356:14)
    at Module._extensions..js (node:internal/modules/cjs/loader:1414:10)
    at Module.load (node:internal/modules/cjs/loader:1197:32)
    at Module._load (node:internal/modules/cjs/loader:1013:12)
    at Module.require (node:internal/modules/cjs/loader:1225:19)
    at require (node:internal/modules/helpers:177:18)
    at Object.<anonymous> (/home/bitnami/labs/lab3/blogger/app.js:8:14)

Node.js v18.19.0

> blogger@0.0.0 start
> node ./bin/www

/home/bitnami/labs/lab3/blogger/node_modules/express/lib/router/route.js:211
        throw new Error(msg);
        ^

Error: Route.get() requires a callback function but got a [object Undefined]
    at Route.<computed> [as get] (/home/bitnami/labs/lab3/blogger/node_modules/express/lib/router/route.js:211:15)
    at proto.<computed> [as get] (/home/bitnami/labs/lab3/blogger/node_modules/express/lib/router/index.js:521:19)
    at Object.<anonymous> (/home/bitnami/labs/lab3/blogger/app_server/routes/index.js:12:8)
    at Module._compile (node:internal/modules/cjs/loader:1356:14)
    at Module._extensions..js (node:internal/modules/cjs/loader:1414:10)
    at Module.load (node:internal/modules/cjs/loader:1197:32)
    at Module._load (node:internal/modules/cjs/loader:1013:12)
    at Module.require (node:internal/modules/cjs/loader:1225:19)
    at require (node:internal/modules/helpers:177:18)
    at Object.<anonymous> (/home/bitnami/labs/lab3/blogger/app.js:8:14)

Node.js v18.19.0

> blogger@0.0.0 start
> node ./bin/www

/home/bitnami/labs/lab3/blogger/node_modules/express/lib/router/route.js:211
        throw new Error(msg);
        ^

Error: Route.get() requires a callback function but got a [object Undefined]
    at Route.<computed> [as get] (/home/bitnami/labs/lab3/blogger/node_modules/express/lib/router/route.js:211:15)
    at proto.<computed> [as get] (/home/bitnami/labs/lab3/blogger/node_modules/express/lib/router/index.js:521:19)
    at Object.<anonymous> (/home/bitnami/labs/lab3/blogger/app_server/routes/index.js:12:8)
    at Module._compile (node:internal/modules/cjs/loader:1356:14)
    at Module._extensions..js (node:internal/modules/cjs/loader:1414:10)
    at Module.load (node:internal/modules/cjs/loader:1197:32)
    at Module._load (node:internal/modules/cjs/loader:1013:12)
    at Module.require (node:internal/modules/cjs/loader:1225:19)
    at require (node:internal/modules/helpers:177:18)
    at Object.<anonymous> (/home/bitnami/labs/lab3/blogger/app.js:8:14)

Node.js v18.19.0
